<?xml version='1.0'?>
<ns2:test-suite xmlns:ns2='urn:model.allure.qatools.yandex.ru' start='1576065794071' stop='1576065841345'>
    <name>ENDEVOUR CYPRESS SITE TEST AUTOMATION</name>
    <title>ENDEVOUR CYPRESS SITE TEST AUTOMATION</title>
    <test-cases>
        <test-case start='1576065794072' status='failed' stop='1576065810413'>
            <name>verify that page content of a Cypress web site : FirstDataSets</name>
            <title>verify that page content of a Cypress web site : FirstDataSets</title>
            <labels/>
            <parameters/>
            <steps/>
            <attachments/>
            <failure>
                <message>Expected '' to equal 'Google'.</message>
                <stack-trace>Error: Failed expectation
                    at C:\Users\Owner\Desktop\EndevourCucumberDemo2\specDefs\urlContentVerification_spec.js:28:33
                    at process._tickCallback (internal/process/next_tick.js:68:7)</stack-trace>
            </failure>
        </test-case>
        <test-case start='1576065810414' status='failed' stop='1576065825909'>
            <name>verify that page content of a Cypress web site : SecondDataSets</name>
            <title>verify that page content of a Cypress web site : SecondDataSets</title>
            <labels/>
            <parameters/>
            <steps/>
            <attachments/>
            <failure>
                <message>Expected '' to equal 'Google'.</message>
                <stack-trace>Error: Failed expectation
                    at C:\Users\Owner\Desktop\EndevourCucumberDemo2\specDefs\urlContentVerification_spec.js:28:33
                    at process._tickCallback (internal/process/next_tick.js:68:7)</stack-trace>
            </failure>
        </test-case>
        <test-case start='1576065825913' status='failed' stop='1576065841340'>
            <name>verify that page content of a Cypress web site : ThirdDataSets</name>
            <title>verify that page content of a Cypress web site : ThirdDataSets</title>
            <labels/>
            <parameters/>
            <steps/>
            <attachments/>
            <failure>
                <message>Expected '' to equal 'Google'.</message>
                <stack-trace>Error: Failed expectation
                    at C:\Users\Owner\Desktop\EndevourCucumberDemo2\specDefs\urlContentVerification_spec.js:28:33
                    at process._tickCallback (internal/process/next_tick.js:68:7)</stack-trace>
            </failure>
        </test-case>
    </test-cases>
</ns2:test-suite>